This is pdfTeX, Version 3.1415926-2.5-1.40.14 (MiKTeX 2.9 64-bit) (preloaded format=pdftex 2015.4.26)  30 APR 2015 20:36
entering extended mode
**C:/Users/doretlab/Dropbox/Thesis/Thesis_Document/bibliography.bib
(C:/Users/doretlab/Dropbox/Thesis/Thesis_Document/bibliography.bib
Overfull \hbox (89.89781pt too wide) in paragraph at lines 29--34
[]\tenrm @onlineNEXTorr, Or-ga-ni-za-tion=SAES Group, Ti-tle=NEXTorr Pumps, url
=http://www.saesgetters.com/products/nextorr-|

\hbox(7.5+2.5)x469.75499, glue set - 1.0
.\hbox(0.0+0.0)x20.0
.\tenrm @
.\tenrm o
.\tenrm n
.\tenrm l
.etc.

)
*
! Emergency stop.
<*> ...box/Thesis/Thesis_Document/bibliography.bib
                                                  
End of file on the terminal!

!  ==> Fatal error occurred, no output PDF file produced!
